[2026-04-22 23:11:15] [lane-b-web] starting web gate

> @safvsoil/web@0.1.0 typecheck
> tsc --noEmit --ignoreDeprecations 6.0


> safvsoil@0.1.0 web:build
> npm --prefix apps/web run build


> @safvsoil/web@0.1.0 build
> next build --webpack

▲ Next.js 16.2.4 (webpack)

  Creating an optimized production build ...
✓ Compiled successfully in 878ms
  Running TypeScript ...
  Finished TypeScript in 967ms ...
  Collecting page data using 9 workers ...
  Generating static pages using 9 workers (0/11) ...
  Generating static pages using 9 workers (2/11) 
  Generating static pages using 9 workers (5/11) 
  Generating static pages using 9 workers (8/11) 
✓ Generating static pages using 9 workers (11/11) in 103ms
  Finalizing page optimization ...
  Collecting build traces ...

Route (app)                                  Revalidate  Expire
┌ ○ /
├ ○ /_not-found
├ ○ /admin
├ ○ /analysis                                       10m      1y
├ ○ /analysis/lufthansa-2026-de                     10m      1y
├ ○ /analysis/lufthansa-flight-cuts-2026-04         10m      1y
├ ƒ /dashboard
├ ○ /de
├ ƒ /de/dashboard
├ ƒ /de/prices/germany-jet-fuel
├ ƒ /prices/germany-jet-fuel
├ ○ /robots.txt
├ ○ /scenarios
├ ○ /sitemap.xml
└ ƒ /sources


○  (Static)   prerendered as static content
ƒ  (Dynamic)  server-rendered on demand

[2026-04-22 23:11:21] [lane-b-web] web gate passed
